<?xml version="1.0" encoding="UTF-8"?>
<coverage generated="1651940427548" clover="3.2.0">
  <project timestamp="1651940427548" name="All files">
    <metrics statements="26" coveredstatements="25" conditionals="10" coveredconditionals="9" methods="17" coveredmethods="17" elements="53" coveredelements="51" complexity="0" loc="26" ncloc="26" packages="1" files="18" classes="18"/>
    <file name="getType.js" path="F:\htdocs\whats-the-type\getType.js">
      <metrics statements="10" coveredstatements="9" conditionals="10" coveredconditionals="9" methods="1" coveredmethods="1"/>
      <line num="6" count="17" type="stmt"/>
      <line num="7" count="425" type="cond" truecount="2" falsecount="0"/>
      <line num="8" count="17" type="stmt"/>
      <line num="10" count="408" type="cond" truecount="2" falsecount="0"/>
      <line num="11" count="17" type="stmt"/>
      <line num="14" count="391" type="cond" truecount="3" falsecount="1"/>
      <line num="15" count="0" type="stmt"/>
      <line num="17" count="391" type="cond" truecount="2" falsecount="0"/>
      <line num="18" count="17" type="stmt"/>
      <line num="20" count="374" type="stmt"/>
    </file>
    <file name="isArray.js" path="F:\htdocs\whats-the-type\isArray.js">
      <metrics statements="1" coveredstatements="1" conditionals="0" coveredconditionals="0" methods="1" coveredmethods="1"/>
      <line num="8" count="25" type="stmt"/>
    </file>
    <file name="isBigInt.js" path="F:\htdocs\whats-the-type\isBigInt.js">
      <metrics statements="1" coveredstatements="1" conditionals="0" coveredconditionals="0" methods="1" coveredmethods="1"/>
      <line num="8" count="25" type="stmt"/>
    </file>
    <file name="isBoolean.js" path="F:\htdocs\whats-the-type\isBoolean.js">
      <metrics statements="1" coveredstatements="1" conditionals="0" coveredconditionals="0" methods="1" coveredmethods="1"/>
      <line num="8" count="25" type="stmt"/>
    </file>
    <file name="isDate.js" path="F:\htdocs\whats-the-type\isDate.js">
      <metrics statements="1" coveredstatements="1" conditionals="0" coveredconditionals="0" methods="1" coveredmethods="1"/>
      <line num="8" count="25" type="stmt"/>
    </file>
    <file name="isError.js" path="F:\htdocs\whats-the-type\isError.js">
      <metrics statements="1" coveredstatements="1" conditionals="0" coveredconditionals="0" methods="1" coveredmethods="1"/>
      <line num="8" count="25" type="stmt"/>
    </file>
    <file name="isFunction.js" path="F:\htdocs\whats-the-type\isFunction.js">
      <metrics statements="1" coveredstatements="1" conditionals="0" coveredconditionals="0" methods="1" coveredmethods="1"/>
      <line num="8" count="25" type="stmt"/>
    </file>
    <file name="isGenerator.js" path="F:\htdocs\whats-the-type\isGenerator.js">
      <metrics statements="1" coveredstatements="1" conditionals="0" coveredconditionals="0" methods="1" coveredmethods="1"/>
      <line num="8" count="25" type="stmt"/>
    </file>
    <file name="isMap.js" path="F:\htdocs\whats-the-type\isMap.js">
      <metrics statements="1" coveredstatements="1" conditionals="0" coveredconditionals="0" methods="1" coveredmethods="1"/>
      <line num="8" count="25" type="stmt"/>
    </file>
    <file name="isNull.js" path="F:\htdocs\whats-the-type\isNull.js">
      <metrics statements="1" coveredstatements="1" conditionals="0" coveredconditionals="0" methods="1" coveredmethods="1"/>
      <line num="8" count="25" type="stmt"/>
    </file>
    <file name="isNumber.js" path="F:\htdocs\whats-the-type\isNumber.js">
      <metrics statements="1" coveredstatements="1" conditionals="0" coveredconditionals="0" methods="1" coveredmethods="1"/>
      <line num="8" count="25" type="stmt"/>
    </file>
    <file name="isPlainObject.js" path="F:\htdocs\whats-the-type\isPlainObject.js">
      <metrics statements="1" coveredstatements="1" conditionals="0" coveredconditionals="0" methods="1" coveredmethods="1"/>
      <line num="8" count="25" type="stmt"/>
    </file>
    <file name="isRegExp.js" path="F:\htdocs\whats-the-type\isRegExp.js">
      <metrics statements="1" coveredstatements="1" conditionals="0" coveredconditionals="0" methods="1" coveredmethods="1"/>
      <line num="8" count="25" type="stmt"/>
    </file>
    <file name="isSet.js" path="F:\htdocs\whats-the-type\isSet.js">
      <metrics statements="1" coveredstatements="1" conditionals="0" coveredconditionals="0" methods="1" coveredmethods="1"/>
      <line num="8" count="25" type="stmt"/>
    </file>
    <file name="isString.js" path="F:\htdocs\whats-the-type\isString.js">
      <metrics statements="1" coveredstatements="1" conditionals="0" coveredconditionals="0" methods="1" coveredmethods="1"/>
      <line num="8" count="25" type="stmt"/>
    </file>
    <file name="isSymbol.js" path="F:\htdocs\whats-the-type\isSymbol.js">
      <metrics statements="1" coveredstatements="1" conditionals="0" coveredconditionals="0" methods="1" coveredmethods="1"/>
      <line num="8" count="25" type="stmt"/>
    </file>
    <file name="isUndefined.js" path="F:\htdocs\whats-the-type\isUndefined.js">
      <metrics statements="1" coveredstatements="1" conditionals="0" coveredconditionals="0" methods="1" coveredmethods="1"/>
      <line num="8" count="25" type="stmt"/>
    </file>
    <file name="whats-the-type.js" path="F:\htdocs\whats-the-type\whats-the-type.js">
      <metrics statements="0" coveredstatements="0" conditionals="0" coveredconditionals="0" methods="0" coveredmethods="0"/>
    </file>
  </project>
</coverage>
