{"F:\\htdocs\\whats-the-type\\getType.js": {"path":"F:\\htdocs\\whats-the-type\\getType.js","statementMap":{"0":{"start":{"line":6,"column":17},"end":{"line":21,"column":1}},"1":{"start":{"line":7,"column":4},"end":{"line":9,"column":5}},"2":{"start":{"line":8,"column":8},"end":{"line":8,"column":27}},"3":{"start":{"line":10,"column":4},"end":{"line":12,"column":5}},"4":{"start":{"line":11,"column":8},"end":{"line":11,"column":22}},"5":{"start":{"line":14,"column":4},"end":{"line":16,"column":5}},"6":{"start":{"line":15,"column":8},"end":{"line":15,"column":25}},"7":{"start":{"line":17,"column":4},"end":{"line":19,"column":5}},"8":{"start":{"line":18,"column":8},"end":{"line":18,"column":26}},"9":{"start":{"line":20,"column":4},"end":{"line":20,"column":48}}},"fnMap":{"0":{"name":"(anonymous_0)","decl":{"start":{"line":6,"column":17},"end":{"line":6,"column":18}},"loc":{"start":{"line":6,"column":28},"end":{"line":21,"column":1}},"line":6}},"branchMap":{"0":{"loc":{"start":{"line":7,"column":4},"end":{"line":9,"column":5}},"type":"if","locations":[{"start":{"line":7,"column":4},"end":{"line":9,"column":5}},{"start":{},"end":{}}],"line":7},"1":{"loc":{"start":{"line":10,"column":4},"end":{"line":12,"column":5}},"type":"if","locations":[{"start":{"line":10,"column":4},"end":{"line":12,"column":5}},{"start":{},"end":{}}],"line":10},"2":{"loc":{"start":{"line":14,"column":4},"end":{"line":16,"column":5}},"type":"if","locations":[{"start":{"line":14,"column":4},"end":{"line":16,"column":5}},{"start":{},"end":{}}],"line":14},"3":{"loc":{"start":{"line":14,"column":7},"end":{"line":14,"column":52}},"type":"binary-expr","locations":[{"start":{"line":14,"column":7},"end":{"line":14,"column":25}},{"start":{"line":14,"column":29},"end":{"line":14,"column":52}}],"line":14},"4":{"loc":{"start":{"line":17,"column":4},"end":{"line":19,"column":5}},"type":"if","locations":[{"start":{"line":17,"column":4},"end":{"line":19,"column":5}},{"start":{},"end":{}}],"line":17}},"s":{"0":17,"1":425,"2":17,"3":408,"4":17,"5":391,"6":0,"7":391,"8":17,"9":374},"f":{"0":425},"b":{"0":[17,408],"1":[17,391],"2":[0,391],"3":[391,391],"4":[17,374]},"_coverageSchema":"1a1c01bbd47fc00a2c39e90264f33305004495a9","hash":"0d5832aea61ce759ebc094ccbe264e15ad254445"}
,"F:\\htdocs\\whats-the-type\\isArray.js": {"path":"F:\\htdocs\\whats-the-type\\isArray.js","statementMap":{"0":{"start":{"line":8,"column":16},"end":{"line":8,"column":53}},"1":{"start":{"line":8,"column":27},"end":{"line":8,"column":53}}},"fnMap":{"0":{"name":"(anonymous_0)","decl":{"start":{"line":8,"column":16},"end":{"line":8,"column":17}},"loc":{"start":{"line":8,"column":27},"end":{"line":8,"column":53}},"line":8}},"branchMap":{},"s":{"0":17,"1":25},"f":{"0":25},"b":{},"_coverageSchema":"1a1c01bbd47fc00a2c39e90264f33305004495a9","hash":"0e4e1df2b0278b9845a0948295d86ea9f8feaa47"}
,"F:\\htdocs\\whats-the-type\\isBigInt.js": {"path":"F:\\htdocs\\whats-the-type\\isBigInt.js","statementMap":{"0":{"start":{"line":8,"column":17},"end":{"line":8,"column":55}},"1":{"start":{"line":8,"column":28},"end":{"line":8,"column":55}}},"fnMap":{"0":{"name":"(anonymous_0)","decl":{"start":{"line":8,"column":17},"end":{"line":8,"column":18}},"loc":{"start":{"line":8,"column":28},"end":{"line":8,"column":55}},"line":8}},"branchMap":{},"s":{"0":17,"1":25},"f":{"0":25},"b":{},"_coverageSchema":"1a1c01bbd47fc00a2c39e90264f33305004495a9","hash":"2ce077d593b46c69c94851d45183c021ab327adb"}
,"F:\\htdocs\\whats-the-type\\isBoolean.js": {"path":"F:\\htdocs\\whats-the-type\\isBoolean.js","statementMap":{"0":{"start":{"line":8,"column":18},"end":{"line":8,"column":57}},"1":{"start":{"line":8,"column":29},"end":{"line":8,"column":57}}},"fnMap":{"0":{"name":"(anonymous_0)","decl":{"start":{"line":8,"column":18},"end":{"line":8,"column":19}},"loc":{"start":{"line":8,"column":29},"end":{"line":8,"column":57}},"line":8}},"branchMap":{},"s":{"0":17,"1":25},"f":{"0":25},"b":{},"_coverageSchema":"1a1c01bbd47fc00a2c39e90264f33305004495a9","hash":"dfcb04b45c9e7d234e8e7a23d2ab698297298797"}
,"F:\\htdocs\\whats-the-type\\isDate.js": {"path":"F:\\htdocs\\whats-the-type\\isDate.js","statementMap":{"0":{"start":{"line":8,"column":15},"end":{"line":8,"column":51}},"1":{"start":{"line":8,"column":26},"end":{"line":8,"column":51}}},"fnMap":{"0":{"name":"(anonymous_0)","decl":{"start":{"line":8,"column":15},"end":{"line":8,"column":16}},"loc":{"start":{"line":8,"column":26},"end":{"line":8,"column":51}},"line":8}},"branchMap":{},"s":{"0":17,"1":25},"f":{"0":25},"b":{},"_coverageSchema":"1a1c01bbd47fc00a2c39e90264f33305004495a9","hash":"938a27d4367aa1a934bcf7d2026c43523930b795"}
,"F:\\htdocs\\whats-the-type\\isError.js": {"path":"F:\\htdocs\\whats-the-type\\isError.js","statementMap":{"0":{"start":{"line":8,"column":16},"end":{"line":8,"column":53}},"1":{"start":{"line":8,"column":27},"end":{"line":8,"column":53}}},"fnMap":{"0":{"name":"(anonymous_0)","decl":{"start":{"line":8,"column":16},"end":{"line":8,"column":17}},"loc":{"start":{"line":8,"column":27},"end":{"line":8,"column":53}},"line":8}},"branchMap":{},"s":{"0":17,"1":25},"f":{"0":25},"b":{},"_coverageSchema":"1a1c01bbd47fc00a2c39e90264f33305004495a9","hash":"8fadc7cd23e9a8d6b751690d45326ef1c558d253"}
,"F:\\htdocs\\whats-the-type\\isFunction.js": {"path":"F:\\htdocs\\whats-the-type\\isFunction.js","statementMap":{"0":{"start":{"line":8,"column":19},"end":{"line":8,"column":59}},"1":{"start":{"line":8,"column":30},"end":{"line":8,"column":59}}},"fnMap":{"0":{"name":"(anonymous_0)","decl":{"start":{"line":8,"column":19},"end":{"line":8,"column":20}},"loc":{"start":{"line":8,"column":30},"end":{"line":8,"column":59}},"line":8}},"branchMap":{},"s":{"0":17,"1":25},"f":{"0":25},"b":{},"_coverageSchema":"1a1c01bbd47fc00a2c39e90264f33305004495a9","hash":"2aa66ff5a90971ab537fb099272c82052aa2c1bb"}
,"F:\\htdocs\\whats-the-type\\isGenerator.js": {"path":"F:\\htdocs\\whats-the-type\\isGenerator.js","statementMap":{"0":{"start":{"line":8,"column":20},"end":{"line":8,"column":61}},"1":{"start":{"line":8,"column":31},"end":{"line":8,"column":61}}},"fnMap":{"0":{"name":"(anonymous_0)","decl":{"start":{"line":8,"column":20},"end":{"line":8,"column":21}},"loc":{"start":{"line":8,"column":31},"end":{"line":8,"column":61}},"line":8}},"branchMap":{},"s":{"0":17,"1":25},"f":{"0":25},"b":{},"_coverageSchema":"1a1c01bbd47fc00a2c39e90264f33305004495a9","hash":"708373908ae42e9d091fe3c9c2b19bdc4b8e3bbf"}
,"F:\\htdocs\\whats-the-type\\isMap.js": {"path":"F:\\htdocs\\whats-the-type\\isMap.js","statementMap":{"0":{"start":{"line":8,"column":14},"end":{"line":8,"column":49}},"1":{"start":{"line":8,"column":25},"end":{"line":8,"column":49}}},"fnMap":{"0":{"name":"(anonymous_0)","decl":{"start":{"line":8,"column":14},"end":{"line":8,"column":15}},"loc":{"start":{"line":8,"column":25},"end":{"line":8,"column":49}},"line":8}},"branchMap":{},"s":{"0":17,"1":25},"f":{"0":25},"b":{},"_coverageSchema":"1a1c01bbd47fc00a2c39e90264f33305004495a9","hash":"5737873de08a0abfbe775ae0872431109a5dd6fe"}
,"F:\\htdocs\\whats-the-type\\isNull.js": {"path":"F:\\htdocs\\whats-the-type\\isNull.js","statementMap":{"0":{"start":{"line":8,"column":15},"end":{"line":8,"column":51}},"1":{"start":{"line":8,"column":26},"end":{"line":8,"column":51}}},"fnMap":{"0":{"name":"(anonymous_0)","decl":{"start":{"line":8,"column":15},"end":{"line":8,"column":16}},"loc":{"start":{"line":8,"column":26},"end":{"line":8,"column":51}},"line":8}},"branchMap":{},"s":{"0":17,"1":25},"f":{"0":25},"b":{},"_coverageSchema":"1a1c01bbd47fc00a2c39e90264f33305004495a9","hash":"86bc7c5f548826891139f150d843499e70a3c011"}
,"F:\\htdocs\\whats-the-type\\isNumber.js": {"path":"F:\\htdocs\\whats-the-type\\isNumber.js","statementMap":{"0":{"start":{"line":8,"column":17},"end":{"line":8,"column":55}},"1":{"start":{"line":8,"column":28},"end":{"line":8,"column":55}}},"fnMap":{"0":{"name":"(anonymous_0)","decl":{"start":{"line":8,"column":17},"end":{"line":8,"column":18}},"loc":{"start":{"line":8,"column":28},"end":{"line":8,"column":55}},"line":8}},"branchMap":{},"s":{"0":17,"1":25},"f":{"0":25},"b":{},"_coverageSchema":"1a1c01bbd47fc00a2c39e90264f33305004495a9","hash":"fa61a8e7e5c906581bf8ec90f8425e9a5b2cb99b"}
,"F:\\htdocs\\whats-the-type\\isPlainObject.js": {"path":"F:\\htdocs\\whats-the-type\\isPlainObject.js","statementMap":{"0":{"start":{"line":8,"column":22},"end":{"line":8,"column":60}},"1":{"start":{"line":8,"column":33},"end":{"line":8,"column":60}}},"fnMap":{"0":{"name":"(anonymous_0)","decl":{"start":{"line":8,"column":22},"end":{"line":8,"column":23}},"loc":{"start":{"line":8,"column":33},"end":{"line":8,"column":60}},"line":8}},"branchMap":{},"s":{"0":17,"1":25},"f":{"0":25},"b":{},"_coverageSchema":"1a1c01bbd47fc00a2c39e90264f33305004495a9","hash":"cb41202ff7f30b8bc063bf31580aeb20dedf9dbb"}
,"F:\\htdocs\\whats-the-type\\isRegExp.js": {"path":"F:\\htdocs\\whats-the-type\\isRegExp.js","statementMap":{"0":{"start":{"line":8,"column":17},"end":{"line":8,"column":55}},"1":{"start":{"line":8,"column":28},"end":{"line":8,"column":55}}},"fnMap":{"0":{"name":"(anonymous_0)","decl":{"start":{"line":8,"column":17},"end":{"line":8,"column":18}},"loc":{"start":{"line":8,"column":28},"end":{"line":8,"column":55}},"line":8}},"branchMap":{},"s":{"0":17,"1":25},"f":{"0":25},"b":{},"_coverageSchema":"1a1c01bbd47fc00a2c39e90264f33305004495a9","hash":"e225af3e7a4d4ac201ab6a069e9e1fe0733cff28"}
,"F:\\htdocs\\whats-the-type\\isSet.js": {"path":"F:\\htdocs\\whats-the-type\\isSet.js","statementMap":{"0":{"start":{"line":8,"column":14},"end":{"line":8,"column":49}},"1":{"start":{"line":8,"column":25},"end":{"line":8,"column":49}}},"fnMap":{"0":{"name":"(anonymous_0)","decl":{"start":{"line":8,"column":14},"end":{"line":8,"column":15}},"loc":{"start":{"line":8,"column":25},"end":{"line":8,"column":49}},"line":8}},"branchMap":{},"s":{"0":17,"1":25},"f":{"0":25},"b":{},"_coverageSchema":"1a1c01bbd47fc00a2c39e90264f33305004495a9","hash":"c081f1eedd3c4e7d2e15ea3b3dda252dd56aea02"}
,"F:\\htdocs\\whats-the-type\\isString.js": {"path":"F:\\htdocs\\whats-the-type\\isString.js","statementMap":{"0":{"start":{"line":8,"column":17},"end":{"line":8,"column":55}},"1":{"start":{"line":8,"column":28},"end":{"line":8,"column":55}}},"fnMap":{"0":{"name":"(anonymous_0)","decl":{"start":{"line":8,"column":17},"end":{"line":8,"column":18}},"loc":{"start":{"line":8,"column":28},"end":{"line":8,"column":55}},"line":8}},"branchMap":{},"s":{"0":17,"1":25},"f":{"0":25},"b":{},"_coverageSchema":"1a1c01bbd47fc00a2c39e90264f33305004495a9","hash":"c16f16cd315cf899a6c7b7ed539b46ccd5e54ba2"}
,"F:\\htdocs\\whats-the-type\\isSymbol.js": {"path":"F:\\htdocs\\whats-the-type\\isSymbol.js","statementMap":{"0":{"start":{"line":8,"column":17},"end":{"line":8,"column":55}},"1":{"start":{"line":8,"column":28},"end":{"line":8,"column":55}}},"fnMap":{"0":{"name":"(anonymous_0)","decl":{"start":{"line":8,"column":17},"end":{"line":8,"column":18}},"loc":{"start":{"line":8,"column":28},"end":{"line":8,"column":55}},"line":8}},"branchMap":{},"s":{"0":17,"1":25},"f":{"0":25},"b":{},"_coverageSchema":"1a1c01bbd47fc00a2c39e90264f33305004495a9","hash":"694f853c16769bc6779332fb4cd4c62df481fec6"}
,"F:\\htdocs\\whats-the-type\\isUndefined.js": {"path":"F:\\htdocs\\whats-the-type\\isUndefined.js","statementMap":{"0":{"start":{"line":8,"column":20},"end":{"line":8,"column":61}},"1":{"start":{"line":8,"column":31},"end":{"line":8,"column":61}}},"fnMap":{"0":{"name":"(anonymous_0)","decl":{"start":{"line":8,"column":20},"end":{"line":8,"column":21}},"loc":{"start":{"line":8,"column":31},"end":{"line":8,"column":61}},"line":8}},"branchMap":{},"s":{"0":17,"1":25},"f":{"0":25},"b":{},"_coverageSchema":"1a1c01bbd47fc00a2c39e90264f33305004495a9","hash":"a7c6610c9660b72ee67143ad0044c7c272557ebb"}
,"F:\\htdocs\\whats-the-type\\whats-the-type.js": {"path":"F:\\htdocs\\whats-the-type\\whats-the-type.js","statementMap":{},"fnMap":{},"branchMap":{},"s":{},"f":{},"b":{},"_coverageSchema":"1a1c01bbd47fc00a2c39e90264f33305004495a9","hash":"8401c27ad2f7bcc48a99e1635e2dc248b6cb440b"}
}
