{"F:\\htdocs\\whats-the-type\\getType.js": {"path":"F:\\htdocs\\whats-the-type\\getType.js","statementMap":{"0":{"start":{"line":6,"column":16},"end":{"line":34,"column":1}},"1":{"start":{"line":7,"column":4},"end":{"line":9,"column":5}},"2":{"start":{"line":8,"column":8},"end":{"line":8,"column":27}},"3":{"start":{"line":12,"column":4},"end":{"line":14,"column":5}},"4":{"start":{"line":13,"column":8},"end":{"line":13,"column":22}},"5":{"start":{"line":18,"column":4},"end":{"line":20,"column":5}},"6":{"start":{"line":19,"column":8},"end":{"line":19,"column":29}},"7":{"start":{"line":23,"column":4},"end":{"line":29,"column":5}},"8":{"start":{"line":24,"column":22},"end":{"line":24,"column":76}},"9":{"start":{"line":25,"column":8},"end":{"line":27,"column":9}},"10":{"start":{"line":26,"column":12},"end":{"line":26,"column":28}},"11":{"start":{"line":28,"column":8},"end":{"line":28,"column":24}},"12":{"start":{"line":33,"column":4},"end":{"line":33,"column":34}}},"fnMap":{"0":{"name":"(anonymous_0)","decl":{"start":{"line":6,"column":16},"end":{"line":6,"column":17}},"loc":{"start":{"line":6,"column":27},"end":{"line":34,"column":1}},"line":6}},"branchMap":{"0":{"loc":{"start":{"line":7,"column":4},"end":{"line":9,"column":5}},"type":"if","locations":[{"start":{"line":7,"column":4},"end":{"line":9,"column":5}},{"start":{},"end":{}}],"line":7},"1":{"loc":{"start":{"line":12,"column":4},"end":{"line":14,"column":5}},"type":"if","locations":[{"start":{"line":12,"column":4},"end":{"line":14,"column":5}},{"start":{},"end":{}}],"line":12},"2":{"loc":{"start":{"line":18,"column":4},"end":{"line":20,"column":5}},"type":"if","locations":[{"start":{"line":18,"column":4},"end":{"line":20,"column":5}},{"start":{},"end":{}}],"line":18},"3":{"loc":{"start":{"line":23,"column":4},"end":{"line":29,"column":5}},"type":"if","locations":[{"start":{"line":23,"column":4},"end":{"line":29,"column":5}},{"start":{},"end":{}}],"line":23},"4":{"loc":{"start":{"line":25,"column":8},"end":{"line":27,"column":9}},"type":"if","locations":[{"start":{"line":25,"column":8},"end":{"line":27,"column":9}},{"start":{},"end":{}}],"line":25},"5":{"loc":{"start":{"line":25,"column":12},"end":{"line":25,"column":37}},"type":"binary-expr","locations":[{"start":{"line":25,"column":12},"end":{"line":25,"column":17}},{"start":{"line":25,"column":21},"end":{"line":25,"column":37}}],"line":25}},"s":{"0":20,"1":515,"2":17,"3":498,"4":17,"5":481,"6":19,"7":462,"8":34,"9":34,"10":34,"11":0,"12":428},"f":{"0":515},"b":{"0":[17,498],"1":[17,481],"2":[19,462],"3":[34,428],"4":[34,0],"5":[34,34]},"_coverageSchema":"1a1c01bbd47fc00a2c39e90264f33305004495a9","hash":"cd96edce6d20c5482102f167afea34fd062a845a"}
,"F:\\htdocs\\whats-the-type\\isArray.js": {"path":"F:\\htdocs\\whats-the-type\\isArray.js","statementMap":{"0":{"start":{"line":15,"column":16},"end":{"line":15,"column":53}},"1":{"start":{"line":15,"column":27},"end":{"line":15,"column":53}}},"fnMap":{"0":{"name":"(anonymous_0)","decl":{"start":{"line":15,"column":16},"end":{"line":15,"column":17}},"loc":{"start":{"line":15,"column":27},"end":{"line":15,"column":53}},"line":15}},"branchMap":{},"s":{"0":20,"1":30},"f":{"0":30},"b":{},"_coverageSchema":"1a1c01bbd47fc00a2c39e90264f33305004495a9","hash":"1586f6ba3ea3ff0893a72a97f6dd482259bb7e70"}
,"F:\\htdocs\\whats-the-type\\isBigInt.js": {"path":"F:\\htdocs\\whats-the-type\\isBigInt.js","statementMap":{"0":{"start":{"line":13,"column":17},"end":{"line":13,"column":55}},"1":{"start":{"line":13,"column":28},"end":{"line":13,"column":55}}},"fnMap":{"0":{"name":"(anonymous_0)","decl":{"start":{"line":13,"column":17},"end":{"line":13,"column":18}},"loc":{"start":{"line":13,"column":28},"end":{"line":13,"column":55}},"line":13}},"branchMap":{},"s":{"0":20,"1":30},"f":{"0":30},"b":{},"_coverageSchema":"1a1c01bbd47fc00a2c39e90264f33305004495a9","hash":"629c5209390f0cc49e5b3e1013ba473591c2f9cd"}
,"F:\\htdocs\\whats-the-type\\isBoolean.js": {"path":"F:\\htdocs\\whats-the-type\\isBoolean.js","statementMap":{"0":{"start":{"line":8,"column":18},"end":{"line":8,"column":57}},"1":{"start":{"line":8,"column":29},"end":{"line":8,"column":57}}},"fnMap":{"0":{"name":"(anonymous_0)","decl":{"start":{"line":8,"column":18},"end":{"line":8,"column":19}},"loc":{"start":{"line":8,"column":29},"end":{"line":8,"column":57}},"line":8}},"branchMap":{},"s":{"0":20,"1":30},"f":{"0":30},"b":{},"_coverageSchema":"1a1c01bbd47fc00a2c39e90264f33305004495a9","hash":"dfcb04b45c9e7d234e8e7a23d2ab698297298797"}
,"F:\\htdocs\\whats-the-type\\isDate.js": {"path":"F:\\htdocs\\whats-the-type\\isDate.js","statementMap":{"0":{"start":{"line":8,"column":15},"end":{"line":8,"column":51}},"1":{"start":{"line":8,"column":26},"end":{"line":8,"column":51}}},"fnMap":{"0":{"name":"(anonymous_0)","decl":{"start":{"line":8,"column":15},"end":{"line":8,"column":16}},"loc":{"start":{"line":8,"column":26},"end":{"line":8,"column":51}},"line":8}},"branchMap":{},"s":{"0":20,"1":30},"f":{"0":30},"b":{},"_coverageSchema":"1a1c01bbd47fc00a2c39e90264f33305004495a9","hash":"938a27d4367aa1a934bcf7d2026c43523930b795"}
,"F:\\htdocs\\whats-the-type\\isError.js": {"path":"F:\\htdocs\\whats-the-type\\isError.js","statementMap":{"0":{"start":{"line":8,"column":16},"end":{"line":8,"column":53}},"1":{"start":{"line":8,"column":27},"end":{"line":8,"column":53}}},"fnMap":{"0":{"name":"(anonymous_0)","decl":{"start":{"line":8,"column":16},"end":{"line":8,"column":17}},"loc":{"start":{"line":8,"column":27},"end":{"line":8,"column":53}},"line":8}},"branchMap":{},"s":{"0":20,"1":30},"f":{"0":30},"b":{},"_coverageSchema":"1a1c01bbd47fc00a2c39e90264f33305004495a9","hash":"8fadc7cd23e9a8d6b751690d45326ef1c558d253"}
,"F:\\htdocs\\whats-the-type\\isFunction.js": {"path":"F:\\htdocs\\whats-the-type\\isFunction.js","statementMap":{"0":{"start":{"line":18,"column":19},"end":{"line":18,"column":59}},"1":{"start":{"line":18,"column":30},"end":{"line":18,"column":59}}},"fnMap":{"0":{"name":"(anonymous_0)","decl":{"start":{"line":18,"column":19},"end":{"line":18,"column":20}},"loc":{"start":{"line":18,"column":30},"end":{"line":18,"column":59}},"line":18}},"branchMap":{},"s":{"0":20,"1":30},"f":{"0":30},"b":{},"_coverageSchema":"1a1c01bbd47fc00a2c39e90264f33305004495a9","hash":"1e3520eb0b8af05aa429b5ebb0e3975b76ef979b"}
,"F:\\htdocs\\whats-the-type\\isGenerator.js": {"path":"F:\\htdocs\\whats-the-type\\isGenerator.js","statementMap":{"0":{"start":{"line":6,"column":20},"end":{"line":6,"column":57}},"1":{"start":{"line":6,"column":31},"end":{"line":6,"column":57}}},"fnMap":{"0":{"name":"(anonymous_0)","decl":{"start":{"line":6,"column":20},"end":{"line":6,"column":21}},"loc":{"start":{"line":6,"column":31},"end":{"line":6,"column":57}},"line":6}},"branchMap":{},"s":{"0":20,"1":1},"f":{"0":1},"b":{},"_coverageSchema":"1a1c01bbd47fc00a2c39e90264f33305004495a9","hash":"10e053cef74592a2a2dfd7183a6d6353cd656def"}
,"F:\\htdocs\\whats-the-type\\isGeneratorFunction.js": {"path":"F:\\htdocs\\whats-the-type\\isGeneratorFunction.js","statementMap":{"0":{"start":{"line":12,"column":28},"end":{"line":12,"column":77}},"1":{"start":{"line":12,"column":39},"end":{"line":12,"column":77}}},"fnMap":{"0":{"name":"(anonymous_0)","decl":{"start":{"line":12,"column":28},"end":{"line":12,"column":29}},"loc":{"start":{"line":12,"column":39},"end":{"line":12,"column":77}},"line":12}},"branchMap":{},"s":{"0":20,"1":30},"f":{"0":30},"b":{},"_coverageSchema":"1a1c01bbd47fc00a2c39e90264f33305004495a9","hash":"62bd8c007d060c1636f0cfad1bede710075229db"}
,"F:\\htdocs\\whats-the-type\\isMap.js": {"path":"F:\\htdocs\\whats-the-type\\isMap.js","statementMap":{"0":{"start":{"line":11,"column":14},"end":{"line":11,"column":49}},"1":{"start":{"line":11,"column":25},"end":{"line":11,"column":49}}},"fnMap":{"0":{"name":"(anonymous_0)","decl":{"start":{"line":11,"column":14},"end":{"line":11,"column":15}},"loc":{"start":{"line":11,"column":25},"end":{"line":11,"column":49}},"line":11}},"branchMap":{},"s":{"0":20,"1":30},"f":{"0":30},"b":{},"_coverageSchema":"1a1c01bbd47fc00a2c39e90264f33305004495a9","hash":"ec259759e75104220d2b0bd9e8ae6856433bd03b"}
,"F:\\htdocs\\whats-the-type\\isNull.js": {"path":"F:\\htdocs\\whats-the-type\\isNull.js","statementMap":{"0":{"start":{"line":8,"column":15},"end":{"line":8,"column":51}},"1":{"start":{"line":8,"column":26},"end":{"line":8,"column":51}}},"fnMap":{"0":{"name":"(anonymous_0)","decl":{"start":{"line":8,"column":15},"end":{"line":8,"column":16}},"loc":{"start":{"line":8,"column":26},"end":{"line":8,"column":51}},"line":8}},"branchMap":{},"s":{"0":20,"1":30},"f":{"0":30},"b":{},"_coverageSchema":"1a1c01bbd47fc00a2c39e90264f33305004495a9","hash":"86bc7c5f548826891139f150d843499e70a3c011"}
,"F:\\htdocs\\whats-the-type\\isNumber.js": {"path":"F:\\htdocs\\whats-the-type\\isNumber.js","statementMap":{"0":{"start":{"line":18,"column":17},"end":{"line":18,"column":55}},"1":{"start":{"line":18,"column":28},"end":{"line":18,"column":55}}},"fnMap":{"0":{"name":"(anonymous_0)","decl":{"start":{"line":18,"column":17},"end":{"line":18,"column":18}},"loc":{"start":{"line":18,"column":28},"end":{"line":18,"column":55}},"line":18}},"branchMap":{},"s":{"0":20,"1":30},"f":{"0":30},"b":{},"_coverageSchema":"1a1c01bbd47fc00a2c39e90264f33305004495a9","hash":"460e0ed09370c9a98ab41ba2cbc95bfebc6725e3"}
,"F:\\htdocs\\whats-the-type\\isPlainObject.js": {"path":"F:\\htdocs\\whats-the-type\\isPlainObject.js","statementMap":{"0":{"start":{"line":12,"column":22},"end":{"line":12,"column":65}},"1":{"start":{"line":12,"column":33},"end":{"line":12,"column":65}}},"fnMap":{"0":{"name":"(anonymous_0)","decl":{"start":{"line":12,"column":22},"end":{"line":12,"column":23}},"loc":{"start":{"line":12,"column":33},"end":{"line":12,"column":65}},"line":12}},"branchMap":{},"s":{"0":20,"1":32},"f":{"0":32},"b":{},"_coverageSchema":"1a1c01bbd47fc00a2c39e90264f33305004495a9","hash":"417589f1d48097ee151db085bcd65fc1b13b1639"}
,"F:\\htdocs\\whats-the-type\\isRegExp.js": {"path":"F:\\htdocs\\whats-the-type\\isRegExp.js","statementMap":{"0":{"start":{"line":13,"column":17},"end":{"line":13,"column":55}},"1":{"start":{"line":13,"column":28},"end":{"line":13,"column":55}}},"fnMap":{"0":{"name":"(anonymous_0)","decl":{"start":{"line":13,"column":17},"end":{"line":13,"column":18}},"loc":{"start":{"line":13,"column":28},"end":{"line":13,"column":55}},"line":13}},"branchMap":{},"s":{"0":20,"1":30},"f":{"0":30},"b":{},"_coverageSchema":"1a1c01bbd47fc00a2c39e90264f33305004495a9","hash":"78308f9cb2a71d4b66450f2caec2849ef2a23fcb"}
,"F:\\htdocs\\whats-the-type\\isSet.js": {"path":"F:\\htdocs\\whats-the-type\\isSet.js","statementMap":{"0":{"start":{"line":11,"column":14},"end":{"line":11,"column":49}},"1":{"start":{"line":11,"column":25},"end":{"line":11,"column":49}}},"fnMap":{"0":{"name":"(anonymous_0)","decl":{"start":{"line":11,"column":14},"end":{"line":11,"column":15}},"loc":{"start":{"line":11,"column":25},"end":{"line":11,"column":49}},"line":11}},"branchMap":{},"s":{"0":20,"1":30},"f":{"0":30},"b":{},"_coverageSchema":"1a1c01bbd47fc00a2c39e90264f33305004495a9","hash":"a3a97c81ac7e1f851a8daa140c2f0d383277449a"}
,"F:\\htdocs\\whats-the-type\\isString.js": {"path":"F:\\htdocs\\whats-the-type\\isString.js","statementMap":{"0":{"start":{"line":15,"column":17},"end":{"line":15,"column":55}},"1":{"start":{"line":15,"column":28},"end":{"line":15,"column":55}}},"fnMap":{"0":{"name":"(anonymous_0)","decl":{"start":{"line":15,"column":17},"end":{"line":15,"column":18}},"loc":{"start":{"line":15,"column":28},"end":{"line":15,"column":55}},"line":15}},"branchMap":{},"s":{"0":20,"1":30},"f":{"0":30},"b":{},"_coverageSchema":"1a1c01bbd47fc00a2c39e90264f33305004495a9","hash":"888540c4f19ec3fbb6d581e7388747bbefec8559"}
,"F:\\htdocs\\whats-the-type\\isSymbol.js": {"path":"F:\\htdocs\\whats-the-type\\isSymbol.js","statementMap":{"0":{"start":{"line":8,"column":17},"end":{"line":8,"column":55}},"1":{"start":{"line":8,"column":28},"end":{"line":8,"column":55}}},"fnMap":{"0":{"name":"(anonymous_0)","decl":{"start":{"line":8,"column":17},"end":{"line":8,"column":18}},"loc":{"start":{"line":8,"column":28},"end":{"line":8,"column":55}},"line":8}},"branchMap":{},"s":{"0":20,"1":30},"f":{"0":30},"b":{},"_coverageSchema":"1a1c01bbd47fc00a2c39e90264f33305004495a9","hash":"694f853c16769bc6779332fb4cd4c62df481fec6"}
,"F:\\htdocs\\whats-the-type\\isUndefined.js": {"path":"F:\\htdocs\\whats-the-type\\isUndefined.js","statementMap":{"0":{"start":{"line":8,"column":20},"end":{"line":8,"column":61}},"1":{"start":{"line":8,"column":31},"end":{"line":8,"column":61}}},"fnMap":{"0":{"name":"(anonymous_0)","decl":{"start":{"line":8,"column":20},"end":{"line":8,"column":21}},"loc":{"start":{"line":8,"column":31},"end":{"line":8,"column":61}},"line":8}},"branchMap":{},"s":{"0":20,"1":30},"f":{"0":30},"b":{},"_coverageSchema":"1a1c01bbd47fc00a2c39e90264f33305004495a9","hash":"a7c6610c9660b72ee67143ad0044c7c272557ebb"}
,"F:\\htdocs\\whats-the-type\\whats-the-type.js": {"path":"F:\\htdocs\\whats-the-type\\whats-the-type.js","statementMap":{},"fnMap":{},"branchMap":{},"s":{},"f":{},"b":{},"_coverageSchema":"1a1c01bbd47fc00a2c39e90264f33305004495a9","hash":"8401c27ad2f7bcc48a99e1635e2dc248b6cb440b"}
}
