TN:
SF:getType.js
FN:7,(anonymous_0)
FNF:1
FNH:1
FNDA:659,(anonymous_0)
DA:7,28
DA:8,659
DA:9,17
DA:13,642
DA:14,17
DA:19,625
DA:20,34
DA:25,591
DA:29,2
DA:34,589
DA:35,34
DA:36,34
DA:37,34
DA:39,0
DA:44,555
LF:15
LH:14
BRDA:8,0,0,17
BRDA:8,0,1,642
BRDA:13,1,0,17
BRDA:13,1,1,625
BRDA:19,2,0,34
BRDA:19,2,1,591
BRDA:25,3,0,2
BRDA:25,3,1,589
BRDA:26,4,0,591
BRDA:26,4,1,55
BRDA:34,5,0,34
BRDA:34,5,1,555
BRDA:36,6,0,34
BRDA:36,6,1,0
BRDA:36,7,0,34
BRDA:36,7,1,34
BRF:16
BRH:15
end_of_record
TN:
SF:isArray.js
FN:15,(anonymous_0)
FNF:1
FNH:1
FNDA:37,(anonymous_0)
DA:15,37
LF:1
LH:1
BRF:0
BRH:0
end_of_record
TN:
SF:isAsyncFunction.js
FN:13,(anonymous_0)
FNF:1
FNH:1
FNDA:1,(anonymous_0)
DA:13,28
LF:1
LH:1
BRF:0
BRH:0
end_of_record
TN:
SF:isBigInt.js
FN:13,(anonymous_0)
FNF:1
FNH:1
FNDA:38,(anonymous_0)
DA:13,38
LF:1
LH:1
BRF:0
BRH:0
end_of_record
TN:
SF:isBlob.js
FN:12,(anonymous_0)
FNF:1
FNH:1
FNDA:1,(anonymous_0)
DA:12,28
LF:1
LH:1
BRF:0
BRH:0
end_of_record
TN:
SF:isBoolean.js
FN:11,(anonymous_0)
FNF:1
FNH:1
FNDA:38,(anonymous_0)
DA:11,38
LF:1
LH:1
BRF:0
BRH:0
end_of_record
TN:
SF:isCallable.js
FN:11,(anonymous_0)
FNF:1
FNH:1
FNDA:7,(anonymous_0)
DA:11,28
LF:1
LH:1
BRF:0
BRH:0
end_of_record
TN:
SF:isDate.js
FN:11,(anonymous_0)
FNF:1
FNH:1
FNDA:38,(anonymous_0)
DA:11,38
LF:1
LH:1
BRF:0
BRH:0
end_of_record
TN:
SF:isError.js
FN:11,(anonymous_0)
FNF:1
FNH:1
FNDA:38,(anonymous_0)
DA:11,38
LF:1
LH:1
BRF:0
BRH:0
end_of_record
TN:
SF:isFunction.js
FN:19,(anonymous_0)
FNF:1
FNH:1
FNDA:38,(anonymous_0)
DA:19,38
LF:1
LH:1
BRF:0
BRH:0
end_of_record
TN:
SF:isGenerator.js
FN:8,(anonymous_0)
FNF:1
FNH:1
FNDA:1,(anonymous_0)
DA:8,28
LF:1
LH:1
BRF:0
BRH:0
end_of_record
TN:
SF:isGeneratorFunction.js
FN:13,(anonymous_0)
FNF:1
FNH:1
FNDA:38,(anonymous_0)
DA:13,38
LF:1
LH:1
BRF:0
BRH:0
end_of_record
TN:
SF:isIterable.js
FN:15,(anonymous_0)
FNF:1
FNH:1
FNDA:2,(anonymous_0)
DA:15,28
LF:1
LH:1
BRDA:15,0,0,2
BRDA:15,0,1,1
BRF:2
BRH:2
end_of_record
TN:
SF:isMap.js
FN:11,(anonymous_0)
FNF:1
FNH:1
FNDA:38,(anonymous_0)
DA:11,38
LF:1
LH:1
BRF:0
BRH:0
end_of_record
TN:
SF:isNull.js
FN:11,(anonymous_0)
FNF:1
FNH:1
FNDA:38,(anonymous_0)
DA:11,38
LF:1
LH:1
BRF:0
BRH:0
end_of_record
TN:
SF:isNumber.js
FN:18,(anonymous_0)
FNF:1
FNH:1
FNDA:38,(anonymous_0)
DA:18,38
LF:1
LH:1
BRF:0
BRH:0
end_of_record
TN:
SF:isPlainObject.js
FN:12,(anonymous_0)
FNF:1
FNH:1
FNDA:39,(anonymous_0)
DA:12,39
LF:1
LH:1
BRF:0
BRH:0
end_of_record
TN:
SF:isRegExp.js
FN:13,(anonymous_0)
FNF:1
FNH:1
FNDA:38,(anonymous_0)
DA:13,38
LF:1
LH:1
BRF:0
BRH:0
end_of_record
TN:
SF:isSet.js
FN:11,(anonymous_0)
FNF:1
FNH:1
FNDA:38,(anonymous_0)
DA:11,38
LF:1
LH:1
BRF:0
BRH:0
end_of_record
TN:
SF:isString.js
FN:15,(anonymous_0)
FNF:1
FNH:1
FNDA:38,(anonymous_0)
DA:15,38
LF:1
LH:1
BRF:0
BRH:0
end_of_record
TN:
SF:isSymbol.js
FN:8,(anonymous_0)
FNF:1
FNH:1
FNDA:38,(anonymous_0)
DA:8,38
LF:1
LH:1
BRF:0
BRH:0
end_of_record
TN:
SF:isUndefined.js
FN:11,(anonymous_0)
FNF:1
FNH:1
FNDA:38,(anonymous_0)
DA:11,38
LF:1
LH:1
BRF:0
BRH:0
end_of_record
TN:
SF:isWeakMap.js
FN:11,(anonymous_0)
FNF:1
FNH:1
FNDA:1,(anonymous_0)
DA:11,28
LF:1
LH:1
BRF:0
BRH:0
end_of_record
TN:
SF:isWeakSet.js
FN:11,(anonymous_0)
FNF:1
FNH:1
FNDA:1,(anonymous_0)
DA:11,28
LF:1
LH:1
BRF:0
BRH:0
end_of_record
TN:
SF:whats-the-type.js
FNF:0
FNH:0
LF:0
LH:0
BRF:0
BRH:0
end_of_record
