TN:
SF:getType.js
FN:6,(anonymous_0)
FNF:1
FNH:1
FNDA:425,(anonymous_0)
DA:6,17
DA:7,425
DA:8,17
DA:10,408
DA:11,17
DA:14,391
DA:15,0
DA:17,391
DA:18,17
DA:20,374
LF:10
LH:9
BRDA:7,0,0,17
BRDA:7,0,1,408
BRDA:10,1,0,17
BRDA:10,1,1,391
BRDA:14,2,0,0
BRDA:14,2,1,391
BRDA:14,3,0,391
BRDA:14,3,1,391
BRDA:17,4,0,17
BRDA:17,4,1,374
BRF:10
BRH:9
end_of_record
TN:
SF:isArray.js
FN:8,(anonymous_0)
FNF:1
FNH:1
FNDA:25,(anonymous_0)
DA:8,25
LF:1
LH:1
BRF:0
BRH:0
end_of_record
TN:
SF:isBigInt.js
FN:8,(anonymous_0)
FNF:1
FNH:1
FNDA:25,(anonymous_0)
DA:8,25
LF:1
LH:1
BRF:0
BRH:0
end_of_record
TN:
SF:isBoolean.js
FN:8,(anonymous_0)
FNF:1
FNH:1
FNDA:25,(anonymous_0)
DA:8,25
LF:1
LH:1
BRF:0
BRH:0
end_of_record
TN:
SF:isDate.js
FN:8,(anonymous_0)
FNF:1
FNH:1
FNDA:25,(anonymous_0)
DA:8,25
LF:1
LH:1
BRF:0
BRH:0
end_of_record
TN:
SF:isError.js
FN:8,(anonymous_0)
FNF:1
FNH:1
FNDA:25,(anonymous_0)
DA:8,25
LF:1
LH:1
BRF:0
BRH:0
end_of_record
TN:
SF:isFunction.js
FN:8,(anonymous_0)
FNF:1
FNH:1
FNDA:25,(anonymous_0)
DA:8,25
LF:1
LH:1
BRF:0
BRH:0
end_of_record
TN:
SF:isGenerator.js
FN:8,(anonymous_0)
FNF:1
FNH:1
FNDA:25,(anonymous_0)
DA:8,25
LF:1
LH:1
BRF:0
BRH:0
end_of_record
TN:
SF:isMap.js
FN:8,(anonymous_0)
FNF:1
FNH:1
FNDA:25,(anonymous_0)
DA:8,25
LF:1
LH:1
BRF:0
BRH:0
end_of_record
TN:
SF:isNull.js
FN:8,(anonymous_0)
FNF:1
FNH:1
FNDA:25,(anonymous_0)
DA:8,25
LF:1
LH:1
BRF:0
BRH:0
end_of_record
TN:
SF:isNumber.js
FN:8,(anonymous_0)
FNF:1
FNH:1
FNDA:25,(anonymous_0)
DA:8,25
LF:1
LH:1
BRF:0
BRH:0
end_of_record
TN:
SF:isPlainObject.js
FN:8,(anonymous_0)
FNF:1
FNH:1
FNDA:25,(anonymous_0)
DA:8,25
LF:1
LH:1
BRF:0
BRH:0
end_of_record
TN:
SF:isRegExp.js
FN:8,(anonymous_0)
FNF:1
FNH:1
FNDA:25,(anonymous_0)
DA:8,25
LF:1
LH:1
BRF:0
BRH:0
end_of_record
TN:
SF:isSet.js
FN:8,(anonymous_0)
FNF:1
FNH:1
FNDA:25,(anonymous_0)
DA:8,25
LF:1
LH:1
BRF:0
BRH:0
end_of_record
TN:
SF:isString.js
FN:8,(anonymous_0)
FNF:1
FNH:1
FNDA:25,(anonymous_0)
DA:8,25
LF:1
LH:1
BRF:0
BRH:0
end_of_record
TN:
SF:isSymbol.js
FN:8,(anonymous_0)
FNF:1
FNH:1
FNDA:25,(anonymous_0)
DA:8,25
LF:1
LH:1
BRF:0
BRH:0
end_of_record
TN:
SF:isUndefined.js
FN:8,(anonymous_0)
FNF:1
FNH:1
FNDA:25,(anonymous_0)
DA:8,25
LF:1
LH:1
BRF:0
BRH:0
end_of_record
TN:
SF:whats-the-type.js
FNF:0
FNH:0
LF:0
LH:0
BRF:0
BRH:0
end_of_record
